<?xml version="1.0" encoding="UTF-8"?>
<!-- Generated by org.testng.reporters.JUnitXMLReporter -->
<testsuite ignored="0" hostname="azharkadri-HP-Laptop-15-bs0xx" failures="0" tests="7" name="Test" time="54.805" errors="0" timestamp="2020-01-20T19:19:27 IST">
  <testcase classname="com.tdd.hybrid.LinkedinLoginTest" name="linkedLoginTest" time="7.999"/>
  <testcase classname="com.tdd.hybrid.LinkedinLoginTest" name="linkedLoginTest" time="1.651"/>
  <testcase classname="com.tdd.hybrid.LinkedinLoginTest" name="linkedLoginTest" time="1.648"/>
  <testcase classname="com.tdd.hybrid.LinkedinLoginTest" name="linkedLoginTest" time="1.527"/>
  <testcase classname="com.tdd.hybrid.LinkedinLoginTest" name="linkedLoginTest" time="2.582"/>
  <testcase classname="com.tdd.hybrid.LinkedinLoginTest" name="linkedLoginTest" time="2.598"/>
  <testcase classname="com.tdd.hybrid.LinkedinLoginTest" name="linkedLoginTest" time="8.479"/>
</testsuite> <!-- Test -->
